Traceback (most recent call last):
  File "/Users/wernph/anaconda3/envs/dataViz/lib/python3.10/site-packages/jupyter_cache/executors/utils.py", line 58, in single_nb_execution
    executenb(
  File "/Users/wernph/anaconda3/envs/dataViz/lib/python3.10/site-packages/nbclient/client.py", line 1305, in execute
    return NotebookClient(nb=nb, resources=resources, km=km, **kwargs).execute()
  File "/Users/wernph/anaconda3/envs/dataViz/lib/python3.10/site-packages/jupyter_core/utils/__init__.py", line 173, in wrapped
    return loop.run_until_complete(inner)
  File "/Users/wernph/anaconda3/envs/dataViz/lib/python3.10/asyncio/base_events.py", line 641, in run_until_complete
    return future.result()
  File "/Users/wernph/anaconda3/envs/dataViz/lib/python3.10/site-packages/nbclient/client.py", line 705, in async_execute
    await self.async_execute_cell(
  File "/Users/wernph/anaconda3/envs/dataViz/lib/python3.10/site-packages/nbclient/client.py", line 1058, in async_execute_cell
    await self._check_raise_for_error(cell, cell_index, exec_reply)
  File "/Users/wernph/anaconda3/envs/dataViz/lib/python3.10/site-packages/nbclient/client.py", line 914, in _check_raise_for_error
    raise CellExecutionError.from_cell_and_msg(cell, exec_reply_content)
nbclient.exceptions.CellExecutionError: An error occurred while executing the following cell:
------------------
# Make the histogram using a list of lists
# Normalize the flights and assign colors and names
plt.hist([x1, x2, x3, x4, x5], bins = int(180/15),
         color = colors, label=names, density=True, stacked=True)

# Plot formatting
plt.xlabel('Delay (min)')
plt.ylabel('Normalized Flights')
plot_formatting()
------------------


[0;31m---------------------------------------------------------------------------[0m
[0;31mNameError[0m                                 Traceback (most recent call last)
Cell [0;32mIn[17], line 3[0m
[1;32m      1[0m [38;5;66;03m# Make the histogram using a list of lists[39;00m
[1;32m      2[0m [38;5;66;03m# Normalize the flights and assign colors and names[39;00m
[0;32m----> 3[0m plt[38;5;241m.[39mhist([[43mx1[49m, x2, x3, x4, x5], bins [38;5;241m=[39m [38;5;28mint[39m([38;5;241m180[39m[38;5;241m/[39m[38;5;241m15[39m),
[1;32m      4[0m          color [38;5;241m=[39m colors, label[38;5;241m=[39mnames, density[38;5;241m=[39m[38;5;28;01mTrue[39;00m, stacked[38;5;241m=[39m[38;5;28;01mTrue[39;00m)
[1;32m      6[0m [38;5;66;03m# Plot formatting[39;00m
[1;32m      7[0m plt[38;5;241m.[39mxlabel([38;5;124m'[39m[38;5;124mDelay (min)[39m[38;5;124m'[39m)

[0;31mNameError[0m: name 'x1' is not defined

